TN:
SF:src\infrastructure\userApi.ts
FN:6,(anonymous_1)
FNF:1
FNH:1
FNDA:1,(anonymous_1)
DA:1,1
DA:4,1
DA:6,1
DA:7,1
DA:8,1
LF:5
LH:5
BRF:0
BRH:0
end_of_record
TN:
SF:src\store\storage.ts
FN:3,(anonymous_1)
FN:11,(anonymous_2)
FNF:2
FNH:2
FNDA:2,(anonymous_1)
FNDA:3,(anonymous_2)
DA:1,1
DA:3,1
DA:4,2
DA:5,2
DA:7,1
DA:11,1
DA:12,3
DA:13,3
DA:14,2
DA:16,1
DA:17,1
LF:11
LH:11
BRDA:14,0,0,1
BRDA:14,0,1,1
BRF:2
BRH:2
end_of_record
TN:
SF:src\store\userStore.ts
FN:20,(anonymous_0)
FN:28,(anonymous_1)
FN:64,(anonymous_2)
FN:68,(anonymous_3)
FN:75,(anonymous_4)
FNF:5
FNH:4
FNDA:1,(anonymous_0)
FNDA:4,(anonymous_1)
FNDA:2,(anonymous_2)
FNDA:0,(anonymous_3)
FNDA:2,(anonymous_4)
DA:1,1
DA:2,1
DA:4,1
DA:20,1
DA:29,4
DA:30,4
DA:32,4
DA:33,4
DA:35,3
DA:36,3
DA:40,3
DA:41,3
DA:44,0
DA:45,0
DA:51,0
DA:58,1
DA:60,4
DA:65,2
DA:69,0
DA:70,0
DA:71,0
DA:72,0
DA:76,2
DA:77,2
DA:79,1
DA:80,1
LF:26
LH:19
BRDA:28,0,0,3
BRDA:35,1,0,3
BRDA:35,1,1,0
BRDA:70,2,0,0
BRDA:77,3,0,1
BRF:5
BRH:3
end_of_record
TN:
SF:src\utils\mock.ts
FNF:0
FNH:0
DA:3,2
LF:1
LH:1
BRF:0
BRH:0
end_of_record
