TN:
SF:src\application\user\getUsers.ts
FN:6,(anonymous_0)
FN:14,(anonymous_1)
FNF:2
FNH:1
FNDA:3,(anonymous_0)
FNDA:0,(anonymous_1)
DA:1,1
DA:4,1
DA:6,1
DA:7,3
DA:8,3
DA:11,3
DA:12,0
DA:13,0
DA:15,0
DA:21,3
DA:22,3
DA:23,3
DA:24,3
DA:27,3
LF:14
LH:11
BRDA:11,0,0,0
BRDA:15,1,0,0
BRDA:15,1,1,0
BRDA:21,2,0,3
BRDA:21,3,0,3
BRDA:21,3,1,3
BRF:6
BRH:3
end_of_record
TN:
SF:src\application\user\userMapper.ts
FN:3,(anonymous_0)
FNF:1
FNH:1
FNDA:30,(anonymous_0)
DA:3,30
LF:1
LH:1
BRF:0
BRH:0
end_of_record
TN:
SF:src\infrastructure\userApi.ts
FN:6,(anonymous_1)
FNF:1
FNH:0
FNDA:0,(anonymous_1)
DA:1,1
DA:4,1
DA:6,1
DA:7,0
DA:8,0
LF:5
LH:3
BRF:0
BRH:0
end_of_record
TN:
SF:src\store\userStore.ts
FN:19,(anonymous_0)
FN:27,(anonymous_1)
FN:61,(anonymous_2)
FN:65,(anonymous_3)
FN:72,(anonymous_4)
FNF:5
FNH:3
FNDA:1,(anonymous_0)
FNDA:2,(anonymous_1)
FNDA:0,(anonymous_2)
FNDA:1,(anonymous_3)
FNDA:0,(anonymous_4)
DA:1,1
DA:2,1
DA:19,1
DA:28,2
DA:29,2
DA:31,2
DA:32,2
DA:34,2
DA:35,1
DA:41,1
DA:42,1
DA:48,1
DA:55,0
DA:57,2
DA:62,0
DA:66,1
DA:67,1
DA:68,1
DA:69,1
DA:73,0
DA:74,0
DA:76,0
DA:77,0
LF:23
LH:17
BRDA:27,0,0,0
BRDA:34,1,0,1
BRDA:34,1,1,1
BRDA:67,2,0,0
BRDA:74,3,0,0
BRF:5
BRH:2
end_of_record
